C:\Python27\python.exe E:/TestScript/python/LocalMonkeyTest/main.py
Sat Feb 03 11:52:55 2018
['List of devices attached\n', 'efc2bb49\tdevice\n', '\n']
getdevices():  ['efc2bb49']
pkg: ,com.sec.android.app.sbrowser
devices , efc2bb49
----get_uid-------
adb -s efc2bb49 shell dumpsys package com.sec.android.app.sbrowser | findstr userId=
uid : 10156
adb -s efc2bb49 shell monkey -p com.sec.android.app.sbrowser -v 50 > moonkey_log.log
--------------
start: Sat Feb 03 11:52:56 2018
----get_pid-------
adb -s efc2bb49 shell ps | findstr com.sec.android.app.sbrowser
pid:   11209
_____cpu_info_____
adb -s efc2bb49 shell "dumpsys cpuinfo | grep com.sec.android.app.sbrowser"
[]
0%
cpu_info: Sat Feb 03 11:52:57 2018
adb -s efc2bb49 shell "dumpsys meminfo | grep com.sec.android.app.sbrowser"
____get meninfo________
['155,067K:', 'com.sec.android.app.sbrowser', '(pid', '11209', '/', 'activities)']
men_info: Sat Feb 03 11:53:03 2018
battery_info: Sat Feb 03 11:53:03 2018
type: vm
adb -s efc2bb49 shell cat /proc/11209/net/dev
up: 0
down 0
upflow_info: Sat Feb 03 11:53:03 2018
downflow_info: Sat Feb 03 11:53:03 2018
adb -s efc2bb49 shell dumpsys gfxinfo com.sec.android.app.sbrowser
Exception in thread Thread-2:
Print system info after test is end!
Traceback (most recent call last):
['155067K:']
  File "C:\Python27\lib\threading.py", line 801, in __bootstrap_inner
['0%']
    self.run()
['98']
  File "C:\Python27\lib\threading.py", line 754, in run
[0]
    self.__target(*self.__args, **self.__kwargs)
[0]
Sat Feb 03 11:53:03 2018
  File "E:/TestScript/python/LocalMonkeyTest/main.py", line 132, in getsysinfo
    fps_info.append(get_fps(pkg, devices))
  File "E:/TestScript/python/LocalMonkeyTest/main.py", line 269, in get_fps
    frames = [x for x in results.split('\n') if validator(x)]
TypeError: 'module' object is not callable


Process finished with exit code 0
